11:50:30 **** Incremental Build of configuration Debug for project Homework0 - C ****
Info: Internal Builder is used for build
g++ -O0 -g3 -Wall -c -fmessage-length=0 -o "src\\hw0c.o" "..\\src\\hw0c.cpp" 
g++ -o "Homework0 - C.exe" "src\\hw0c.o" 
Info: Nothing to build for Homework0 - C
Info: Nothing to build for Homework0 - C
Info: Nothing to build for Homework0 - C
Info: Nothing to build for Homework0 - C
14:05:04 **** Rebuild of configuration Debug for project Homework0 - C ****
Info: Internal Builder is used for build
g++ -O0 -g3 -Wall -c -fmessage-length=0 -o "src\\hw0c.o" "..\\src\\hw0c.cpp" 
g++ -o "Homework0 - C.exe" "src\\hw0c.o" 
Info: Nothing to build for Homework0 - C
Info: Nothing to build for Homework0 - C
Info: Nothing to build for Homework0 - C
14:11:31 **** Incremental Build of configuration Debug for project Homework0 - C ****
Info: Internal Builder is used for build
g++ -O0 -g3 -Wall -c -fmessage-length=0 -o "src\\hw0c.o" "..\\src\\hw0c.cpp" 
g++ -o "Homework0 - C.exe" "src\\hw0c.o" 
Info: Nothing to build for Homework0 - C
Info: Nothing to build for Homework0 - C
Info: Nothing to build for Homework0 - C
Info: Nothing to build for Homework0 - C
Info: Nothing to build for Homework0 - C
Info: Nothing to build for Homework0 - C
Info: Nothing to build for Homework0 - C
Info: Nothing to build for Homework0 - C
Info: Nothing to build for Homework0 - C
11:48:48 **** Rebuild of configuration Debug for project Homework0 - C ****
Info: Internal Builder is used for build
g++ -O0 -g3 -Wall -c -fmessage-length=0 -o "src\\hw0c.o" "..\\src\\hw0c.cpp" 
g++ -o "Homework0 - C.exe" "src\\hw0c.o" 
11:31:11 **** Incremental Build of configuration Debug for project Homework0 - C ****
Info: Internal Builder is used for build
g++ -O0 -g3 -Wall -c -fmessage-length=0 -o "src\\hw0c.o" "..\\src\\hw0c.cpp" 
g++ -o "Homework0 - C.exe" "src\\hw0c.o" 
11:43:09 **** Incremental Build of configuration Debug for project Homework0 - C ****
Info: Internal Builder is used for build
g++ -O0 -g3 -Wall -c -fmessage-length=0 -o "src\\hw0c.o" "..\\src\\hw0c.cpp" 
g++ -o "Homework0 - C.exe" "src\\hw0c.o" 
11:45:23 **** Incremental Build of configuration Debug for project Homework0 - C ****
Info: Internal Builder is used for build
g++ -O0 -g3 -Wall -c -fmessage-length=0 -o "src\\hw0c.o" "..\\src\\hw0c.cpp" 
g++ -o "Homework0 - C.exe" "src\\hw0c.o" 
11:48:53 **** Incremental Build of configuration Debug for project Homework0 - C ****
Info: Internal Builder is used for build
g++ -O0 -g3 -Wall -c -fmessage-length=0 -o "src\\hw0c.o" "..\\src\\hw0c.cpp" 
g++ -o "Homework0 - C.exe" "src\\hw0c.o" 
Info: Nothing to build for Homework0 - C
Info: Nothing to build for Homework0 - C
Info: Nothing to build for Homework0 - C
Info: Nothing to build for Homework0 - C
12:06:52 **** Incremental Build of configuration Debug for project Homework0 - C ****
Info: Internal Builder is used for build
g++ -O0 -g3 -Wall -c -fmessage-length=0 -o "src\\hw0c.o" "..\\src\\hw0c.cpp" 
g++ -o "Homework0 - C.exe" "src\\hw0c.o" 
12:11:51 **** Incremental Build of configuration Debug for project Homework0 - C ****
Info: Internal Builder is used for build
g++ -O0 -g3 -Wall -c -fmessage-length=0 -o "src\\hw0c.o" "..\\src\\hw0c.cpp" 
g++ -o "Homework0 - C.exe" "src\\hw0c.o" 
Info: Nothing to build for Homework0 - C
Info: Nothing to build for Homework0 - C
Info: Nothing to build for Homework0 - C
